#
# There is insufficient memory for the Java Runtime Environment to continue.
# Native memory allocation (mmap) failed to map 100663296 bytes for G1 virtual space
# Possible reasons:
#   The system is out of physical RAM or swap space
#   The process is running with CompressedOops enabled, and the Java Heap may be blocking the growth of the native heap
# Possible solutions:
#   Reduce memory load on the system
#   Increase physical memory or swap space
#   Check if swap backing store is full
#   Decrease Java heap size (-Xmx/-Xms)
#   Decrease number of Java threads
#   Decrease Java thread stack sizes (-Xss)
#   Set larger code cache with -XX:ReservedCodeCacheSize=
#   JVM is running with Unscaled Compressed Oops mode in which the Java heap is
#     placed in the first 4GB address space. The Java Heap base address is the
#     maximum limit for the native heap growth. Please use -XX:HeapBaseMinAddress
#     to set the Java Heap base and to place the Java Heap above 4GB virtual address.
# This output file may be truncated or incomplete.
#
#  Out of Memory Error (os_windows.cpp:3617), pid=22392, tid=9016
#
# JRE version:  (17.0.8.1+1) (build )
# Java VM: OpenJDK 64-Bit Server VM (17.0.8.1+1, mixed mode, sharing, tiered, compressed oops, compressed class ptrs, g1 gc, windows-amd64)
# No core dump will be written. Minidumps are not enabled by default on client versions of Windows
#

---------------  S U M M A R Y ------------

Command Line: -Dfile.encoding=UTF-8 -Dstdout.encoding=UTF-8 -Dstderr.encoding=UTF-8 -XX:+ShowCodeDetailsInExceptionMessages Laucher.DlgConfigurarCantidadOptima

Host: AMD Ryzen 3 3200G with Radeon Vega Graphics    , 4 cores, 5G,  Windows 10 , 64 bit Build 19041 (10.0.19041.3570)
Time: Wed Nov 15 11:23:12 2023 Hora est. Pacífico, Sudamérica elapsed time: 0.018366 seconds (0d 0h 0m 0s)

---------------  T H R E A D  ---------------

Current thread (0x00000155b4155830):  JavaThread "Unknown thread" [_thread_in_vm, id=9016, stack(0x0000000100600000,0x0000000100700000)]

Stack: [0x0000000100600000,0x0000000100700000]
Native frames: (J=compiled Java code, j=interpreted, Vv=VM code, C=native code)
V  [jvm.dll+0x678b0a]
V  [jvm.dll+0x835e84]
V  [jvm.dll+0x83762e]
V  [jvm.dll+0x837c93]
V  [jvm.dll+0x24746f]
V  [jvm.dll+0x675859]
V  [jvm.dll+0x66a0ea]
V  [jvm.dll+0x306c7b]
V  [jvm.dll+0x30e166]
V  [jvm.dll+0x35dd3e]
V  [jvm.dll+0x35df6f]
V  [jvm.dll+0x2ddb48]
V  [jvm.dll+0x2deab4]
V  [jvm.dll+0x807f31]
V  [jvm.dll+0x36bb21]
V  [jvm.dll+0x7e733c]
V  [jvm.dll+0x3ee4af]
V  [jvm.dll+0x3f00c1]
C  [jli.dll+0x528b]
C  [ucrtbase.dll+0x21bb2]
C  [KERNEL32.DLL+0x17344]
C  [ntdll.dll+0x526b1]


---------------  P R O C E S S  ---------------

Threads class SMR info:
_java_thread_list=0x00007ffb04f5a018, length=0, elements={
}

Java Threads: ( => current thread )

Other Threads:
  0x00000155b41a17a0 GCTaskThread "GC Thread#0" [stack: 0x0000000100700000,0x0000000100800000] [id=6420]
  0x00000155b41ae4f0 ConcurrentGCThread "G1 Main Marker" [stack: 0x0000000100800000,0x0000000100900000] [id=23260]
  0x00000155b41af7e0 ConcurrentGCThread "G1 Conc#0" [stack: 0x0000000100900000,0x0000000100a00000] [id=17700]

[error occurred during error reporting (printing all threads), id 0xc0000005, EXCEPTION_ACCESS_VIOLATION (0xc0000005) at pc=0x00007ffb0472e587]

VM state: not at safepoint (not fully initialized)

VM Mutex/Monitor currently owned by a thread:  ([mutex/lock_event])
[0x00000155b4150da0] Heap_lock - owner thread: 0x00000155b4155830

Heap address: 0x00000000a1000000, size: 1520 MB, Compressed Oops mode: 32-bit

CDS archive(s) mapped at: [0x0000000000000000-0x0000000000000000-0x0000000000000000), size 0, SharedBaseAddress: 0x0000000800000000, ArchiveRelocationMode: 1.
Narrow klass base: 0x0000000000000000, Narrow klass shift: 0, Narrow klass range: 0x0

GC Precious Log:
<Empty>

Heap:
 garbage-first heap   total 0K, used 0K [0x00000000a1000000, 0x0000000100000000)
  region size 1024K, 0 young (0K), 0 survivors (0K)

[error occurred during error reporting (printing heap information), id 0xc0000005, EXCEPTION_ACCESS_VIOLATION (0xc0000005) at pc=0x00007ffb04b12699]

GC Heap History (0 events):
No events

Dll operation events (1 events):
Event: 0.010 Loaded shared library C:\Users\gabriel\.p2\pool\plugins\org.eclipse.justj.openjdk.hotspot.jre.full.win32.x86_64_17.0.8.v20230831-1047\jre\bin\java.dll

Deoptimization events (0 events):
No events

Classes unloaded (0 events):
No events

Classes redefined (0 events):
No events

Internal exceptions (0 events):
No events

VM Operations (0 events):
No events

Events (0 events):
No events


Dynamic libraries:
0x00007ff71f430000 - 0x00007ff71f43e000 	C:\Users\gabriel\.p2\pool\plugins\org.eclipse.justj.openjdk.hotspot.jre.full.win32.x86_64_17.0.8.v20230831-1047\jre\bin\javaw.exe
0x00007ffb6ea70000 - 0x00007ffb6ec67000 	C:\WINDOWS\SYSTEM32\ntdll.dll
0x00007ffb6e970000 - 0x00007ffb6ea2d000 	C:\WINDOWS\System32\KERNEL32.DLL
0x00007ffb6c560000 - 0x00007ffb6c856000 	C:\WINDOWS\System32\KERNELBASE.dll
0x00007ffb6c380000 - 0x00007ffb6c480000 	C:\WINDOWS\System32\ucrtbase.dll
0x00007ffb5e2e0000 - 0x00007ffb5e2f7000 	C:\Users\gabriel\.p2\pool\plugins\org.eclipse.justj.openjdk.hotspot.jre.full.win32.x86_64_17.0.8.v20230831-1047\jre\bin\jli.dll
0x00007ffb6e7a0000 - 0x00007ffb6e93e000 	C:\WINDOWS\System32\USER32.dll
0x00007ffb6c860000 - 0x00007ffb6c882000 	C:\WINDOWS\System32\win32u.dll
0x00007ffb6dc40000 - 0x00007ffb6dc6c000 	C:\WINDOWS\System32\GDI32.dll
0x00007ffb5e580000 - 0x00007ffb5e599000 	C:\Users\gabriel\.p2\pool\plugins\org.eclipse.justj.openjdk.hotspot.jre.full.win32.x86_64_17.0.8.v20230831-1047\jre\bin\VCRUNTIME140.dll
0x00007ffb6c940000 - 0x00007ffb6ca5a000 	C:\WINDOWS\System32\gdi32full.dll
0x00007ffb6c2e0000 - 0x00007ffb6c37d000 	C:\WINDOWS\System32\msvcp_win.dll
0x00007ffb62780000 - 0x00007ffb62a1a000 	C:\WINDOWS\WinSxS\amd64_microsoft.windows.common-controls_6595b64144ccf1df_6.0.19041.3570_none_60bb2a3971f3e41a\COMCTL32.dll
0x00007ffb6d5b0000 - 0x00007ffb6d64e000 	C:\WINDOWS\System32\msvcrt.dll
0x00007ffb6de50000 - 0x00007ffb6de80000 	C:\WINDOWS\System32\IMM32.DLL
0x00007ffb68f90000 - 0x00007ffb68f9c000 	C:\Users\gabriel\.p2\pool\plugins\org.eclipse.justj.openjdk.hotspot.jre.full.win32.x86_64_17.0.8.v20230831-1047\jre\bin\vcruntime140_1.dll
0x00007ffb4d1f0000 - 0x00007ffb4d281000 	C:\Users\gabriel\.p2\pool\plugins\org.eclipse.justj.openjdk.hotspot.jre.full.win32.x86_64_17.0.8.v20230831-1047\jre\bin\msvcp140.dll
0x00007ffb04440000 - 0x00007ffb0508c000 	C:\Users\gabriel\.p2\pool\plugins\org.eclipse.justj.openjdk.hotspot.jre.full.win32.x86_64_17.0.8.v20230831-1047\jre\bin\server\jvm.dll
0x00007ffb6de80000 - 0x00007ffb6df2e000 	C:\WINDOWS\System32\ADVAPI32.dll
0x00007ffb6dc70000 - 0x00007ffb6dd0c000 	C:\WINDOWS\System32\sechost.dll
0x00007ffb6d2d0000 - 0x00007ffb6d3f6000 	C:\WINDOWS\System32\RPCRT4.dll
0x00007ffb6bf00000 - 0x00007ffb6bf4b000 	C:\WINDOWS\SYSTEM32\POWRPROF.dll
0x00007ffb672f0000 - 0x00007ffb672f9000 	C:\WINDOWS\SYSTEM32\WSOCK32.dll
0x00007ffb6dde0000 - 0x00007ffb6de4b000 	C:\WINDOWS\System32\WS2_32.dll
0x00007ffb64630000 - 0x00007ffb6463a000 	C:\WINDOWS\SYSTEM32\VERSION.dll
0x00007ffb646d0000 - 0x00007ffb646f7000 	C:\WINDOWS\SYSTEM32\WINMM.dll
0x00007ffb6be70000 - 0x00007ffb6be82000 	C:\WINDOWS\SYSTEM32\UMPDC.dll
0x00007ffb6a010000 - 0x00007ffb6a022000 	C:\WINDOWS\SYSTEM32\kernel.appcore.dll
0x00007ffb5f480000 - 0x00007ffb5f48a000 	C:\Users\gabriel\.p2\pool\plugins\org.eclipse.justj.openjdk.hotspot.jre.full.win32.x86_64_17.0.8.v20230831-1047\jre\bin\jimage.dll
0x00007ffb66830000 - 0x00007ffb66a14000 	C:\WINDOWS\SYSTEM32\DBGHELP.DLL
0x00007ffb5af40000 - 0x00007ffb5af74000 	C:\WINDOWS\SYSTEM32\dbgcore.DLL
0x00007ffb6c4d0000 - 0x00007ffb6c552000 	C:\WINDOWS\System32\bcryptPrimitives.dll
0x00007ffb5e370000 - 0x00007ffb5e395000 	C:\Users\gabriel\.p2\pool\plugins\org.eclipse.justj.openjdk.hotspot.jre.full.win32.x86_64_17.0.8.v20230831-1047\jre\bin\java.dll

dbghelp: loaded successfully - version: 4.0.5 - missing functions: none
symbol engine: initialized successfully - sym options: 0x614 - pdb path: .;C:\Users\gabriel\.p2\pool\plugins\org.eclipse.justj.openjdk.hotspot.jre.full.win32.x86_64_17.0.8.v20230831-1047\jre\bin;C:\WINDOWS\SYSTEM32;C:\WINDOWS\WinSxS\amd64_microsoft.windows.common-controls_6595b64144ccf1df_6.0.19041.3570_none_60bb2a3971f3e41a;C:\Users\gabriel\.p2\pool\plugins\org.eclipse.justj.openjdk.hotspot.jre.full.win32.x86_64_17.0.8.v20230831-1047\jre\bin\server

VM Arguments:
jvm_args: -Dfile.encoding=UTF-8 -Dstdout.encoding=UTF-8 -Dstderr.encoding=UTF-8 -XX:+ShowCodeDetailsInExceptionMessages 
java_command: Laucher.DlgConfigurarCantidadOptima
java_class_path (initial): C:\Users\gabriel\Documents\Cibertec\Introduccion a la algoritmia\Proyecto_Final\Cibertec\bin;C:\Users\gabriel\Documents\Cibertec\Introduccion a la algoritmia\Proyecto_Final\Cibertec\src\libreria\flatlaf-3.2.1.jar
Launcher Type: SUN_STANDARD

[Global flags]
     intx CICompilerCount                          = 3                                         {product} {ergonomic}
     uint ConcGCThreads                            = 1                                         {product} {ergonomic}
     uint G1ConcRefinementThreads                  = 4                                         {product} {ergonomic}
   size_t G1HeapRegionSize                         = 1048576                                   {product} {ergonomic}
    uintx GCDrainStackTargetSize                   = 64                                        {product} {ergonomic}
   size_t InitialHeapSize                          = 100663296                                 {product} {ergonomic}
   size_t MarkStackSize                            = 4194304                                   {product} {ergonomic}
   size_t MaxHeapSize                              = 1593835520                                {product} {ergonomic}
   size_t MinHeapDeltaBytes                        = 1048576                                   {product} {ergonomic}
   size_t MinHeapSize                              = 8388608                                   {product} {ergonomic}
    uintx NonNMethodCodeHeapSize                   = 5832780                                {pd product} {ergonomic}
    uintx NonProfiledCodeHeapSize                  = 122912730                              {pd product} {ergonomic}
    uintx ProfiledCodeHeapSize                     = 122912730                              {pd product} {ergonomic}
    uintx ReservedCodeCacheSize                    = 251658240                              {pd product} {ergonomic}
     bool SegmentedCodeCache                       = true                                      {product} {ergonomic}
     bool ShowCodeDetailsInExceptionMessages       = true                                   {manageable} {command line}
   size_t SoftMaxHeapSize                          = 1593835520                             {manageable} {ergonomic}
     bool UseCompressedClassPointers               = true                           {product lp64_product} {ergonomic}
     bool UseCompressedOops                        = true                           {product lp64_product} {ergonomic}
     bool UseG1GC                                  = true                                      {product} {ergonomic}
     bool UseLargePagesIndividualAllocation        = false                                  {pd product} {ergonomic}

Logging:
Log output configuration:
 #0: stdout all=warning uptime,level,tags
 #1: stderr all=off uptime,level,tags

Environment Variables:
PATH=C:/Users/gabriel/.p2/pool/plugins/org.eclipse.justj.openjdk.hotspot.jre.full.win32.x86_64_17.0.8.v20230831-1047/jre/bin/server;C:/Users/gabriel/.p2/pool/plugins/org.eclipse.justj.openjdk.hotspot.jre.full.win32.x86_64_17.0.8.v20230831-1047/jre/bin;C:\Program Files (x86)\Common Files\Oracle\Java\javapath;C:\WINDOWS\system32;C:\WINDOWS;C:\WINDOWS\System32\Wbem;C:\WINDOWS\System32\WindowsPowerShell\v1.0\;C:\WINDOWS\System32\OpenSSH\;C:\Program Files\Git\cmd;C:\Users\gabriel\AppData\Local\Microsoft\WindowsApps;;C:\Users\gabriel\AppData\Local\Programs\Microsoft VS Code\bin;C:\Users\gabriel\Desktop;
USERNAME=gabriel
OS=Windows_NT
PROCESSOR_IDENTIFIER=AMD64 Family 23 Model 24 Stepping 1, AuthenticAMD
TMP=C:\Users\gabriel\AppData\Local\Temp
TEMP=C:\Users\gabriel\AppData\Local\Temp



---------------  S Y S T E M  ---------------

OS:
 Windows 10 , 64 bit Build 19041 (10.0.19041.3570)
OS uptime: 1 days 17:18 hours

CPU: total 4 (initial active 4) (4 cores per cpu, 1 threads per core) family 23 model 24 stepping 1 microcode 0x0, cx8, cmov, fxsr, mmx, 3dnowpref, sse, sse2, sse3, ssse3, sse4a, sse4.1, sse4.2, popcnt, lzcnt, tsc, tscinvbit, avx, avx2, aes, clmul, bmi1, bmi2, adx, sha, fma, vzeroupper, clflush, clflushopt
Processor Information for all 4 processors :
  Max Mhz: 3600, Current Mhz: 3600, Mhz Limit: 3600

Memory: 4k page, system-wide physical 6072M (368M free)
TotalPageFile size 24504M (AvailPageFile size 94M)
current process WorkingSet (physical memory assigned to process): 10M, peak: 10M
current process commit charge ("private bytes"): 51M, peak: 147M

vm_info: OpenJDK 64-Bit Server VM (17.0.8.1+1) for windows-amd64 JRE (17.0.8.1+1), built on Aug 23 2023 15:29:17 by "admin" with MS VC++ 16.7 (VS2019)

END.
