#
# There is insufficient memory for the Java Runtime Environment to continue.
# Native memory allocation (mmap) failed to map 65536 bytes for Failed to commit metaspace.
# Possible reasons:
#   The system is out of physical RAM or swap space
#   The process is running with CompressedOops enabled, and the Java Heap may be blocking the growth of the native heap
# Possible solutions:
#   Reduce memory load on the system
#   Increase physical memory or swap space
#   Check if swap backing store is full
#   Decrease Java heap size (-Xmx/-Xms)
#   Decrease number of Java threads
#   Decrease Java thread stack sizes (-Xss)
#   Set larger code cache with -XX:ReservedCodeCacheSize=
#   JVM is running with Unscaled Compressed Oops mode in which the Java heap is
#     placed in the first 4GB address space. The Java Heap base address is the
#     maximum limit for the native heap growth. Please use -XX:HeapBaseMinAddress
#     to set the Java Heap base and to place the Java Heap above 4GB virtual address.
# This output file may be truncated or incomplete.
#
#  Out of Memory Error (virtualSpaceNode.cpp:110), pid=23600, tid=23428
#
# JRE version: OpenJDK Runtime Environment Temurin-17.0.8.1+1 (17.0.8.1+1) (build 17.0.8.1+1)
# Java VM: OpenJDK 64-Bit Server VM Temurin-17.0.8.1+1 (17.0.8.1+1, mixed mode, tiered, compressed oops, compressed class ptrs, g1 gc, windows-amd64)
# No core dump will be written. Minidumps are not enabled by default on client versions of Windows
#

---------------  S U M M A R Y ------------

Command Line: -Dfile.encoding=UTF-8 -Dstdout.encoding=UTF-8 -Dstderr.encoding=UTF-8 -XX:+ShowCodeDetailsInExceptionMessages Laucher.DlgConfigurarCantidadOptima

Host: AMD Ryzen 3 3200G with Radeon Vega Graphics    , 4 cores, 5G,  Windows 10 , 64 bit Build 19041 (10.0.19041.3570)
Time: Wed Nov 15 11:22:03 2023 Hora est. Pacífico, Sudamérica elapsed time: 0.566803 seconds (0d 0h 0m 0s)

---------------  T H R E A D  ---------------

Current thread (0x0000023851a7c1e0):  JavaThread "AWT-EventQueue-0" [_thread_in_vm, id=23428, stack(0x000000962ae00000,0x000000962af00000)]

Stack: [0x000000962ae00000,0x000000962af00000]
Native frames: (J=compiled Java code, j=interpreted, Vv=VM code, C=native code)
V  [jvm.dll+0x678b0a]
V  [jvm.dll+0x835e84]
V  [jvm.dll+0x83762e]
V  [jvm.dll+0x837c93]
V  [jvm.dll+0x24746f]
V  [jvm.dll+0x831f1b]
V  [jvm.dll+0x61d3c6]
V  [jvm.dll+0x61d42a]
V  [jvm.dll+0x61fc5a]
V  [jvm.dll+0x61dd66]
V  [jvm.dll+0x23b9ff]
V  [jvm.dll+0x627c05]
V  [jvm.dll+0x1eb90b]
V  [jvm.dll+0x1ebe45]
V  [jvm.dll+0x1ec87f]
V  [jvm.dll+0x1e1d21]
V  [jvm.dll+0x53fba0]
V  [jvm.dll+0x1f2607]
V  [jvm.dll+0x7b06ab]
V  [jvm.dll+0x7b1a52]
V  [jvm.dll+0x7b1d88]
V  [jvm.dll+0x23f76e]
V  [jvm.dll+0x23f9bf]
V  [jvm.dll+0x55d3f8]
V  [jvm.dll+0x5602a7]
V  [jvm.dll+0x385914]
V  [jvm.dll+0x384f7f]
C  0x0000023843f8a443

Java frames: (J=compiled Java code, j=interpreted, Vv=VM code)
j  javax.swing.text.PlainDocument.insertUpdate(Ljavax/swing/text/AbstractDocument$DefaultDocumentEvent;Ljavax/swing/text/AttributeSet;)V+368 java.desktop@17.0.8.1
j  javax.swing.text.AbstractDocument.handleInsertString(ILjava/lang/String;Ljavax/swing/text/AttributeSet;)V+139 java.desktop@17.0.8.1
j  javax.swing.text.AbstractDocument.insertString(ILjava/lang/String;Ljavax/swing/text/AttributeSet;)V+69 java.desktop@17.0.8.1
j  javax.swing.text.PlainDocument.insertString(ILjava/lang/String;Ljavax/swing/text/AttributeSet;)V+104 java.desktop@17.0.8.1
j  javax.swing.text.AbstractDocument.replace(IILjava/lang/String;Ljavax/swing/text/AttributeSet;)V+74 java.desktop@17.0.8.1
j  javax.swing.text.JTextComponent.setText(Ljava/lang/String;)V+25 java.desktop@17.0.8.1
j  Laucher.DlgConfigurarCantidadOptima.<init>()V+362
j  Laucher.DlgConfigurarCantidadOptima$1.run()V+4
j  java.awt.event.InvocationEvent.dispatch()V+47 java.desktop@17.0.8.1
j  java.awt.EventQueue.dispatchEventImpl(Ljava/awt/AWTEvent;Ljava/lang/Object;)V+21 java.desktop@17.0.8.1
j  java.awt.EventQueue$4.run()Ljava/lang/Void;+32 java.desktop@17.0.8.1
j  java.awt.EventQueue$4.run()Ljava/lang/Object;+1 java.desktop@17.0.8.1
j  java.security.AccessController.executePrivileged(Ljava/security/PrivilegedAction;Ljava/security/AccessControlContext;Ljava/lang/Class;)Ljava/lang/Object;+29 java.base@17.0.8.1
j  java.security.AccessController.doPrivileged(Ljava/security/PrivilegedAction;Ljava/security/AccessControlContext;)Ljava/lang/Object;+13 java.base@17.0.8.1
j  java.security.ProtectionDomain$JavaSecurityAccessImpl.doIntersectionPrivilege(Ljava/security/PrivilegedAction;Ljava/security/AccessControlContext;Ljava/security/AccessControlContext;)Ljava/lang/Object;+18 java.base@17.0.8.1
j  java.awt.EventQueue.dispatchEvent(Ljava/awt/AWTEvent;)V+46 java.desktop@17.0.8.1
j  java.awt.EventDispatchThread.pumpOneEventForFilters(I)V+78 java.desktop@17.0.8.1
j  java.awt.EventDispatchThread.pumpEventsForFilter(ILjava/awt/Conditional;Ljava/awt/EventFilter;)V+35 java.desktop@17.0.8.1
j  java.awt.EventDispatchThread.pumpEventsForHierarchy(ILjava/awt/Conditional;Ljava/awt/Component;)V+11 java.desktop@17.0.8.1
j  java.awt.EventDispatchThread.pumpEvents(ILjava/awt/Conditional;)V+4 java.desktop@17.0.8.1
j  java.awt.EventDispatchThread.pumpEvents(Ljava/awt/Conditional;)V+3 java.desktop@17.0.8.1
j  java.awt.EventDispatchThread.run()V+9 java.desktop@17.0.8.1
v  ~StubRoutines::call_stub

---------------  P R O C E S S  ---------------

Threads class SMR info:
_java_thread_list=0x000002385658a220, length=16, elements={
0x0000023851782d40, 0x0000023851774070, 0x00000238517811a0, 0x00000238517dc410,
0x00000238517ddde0, 0x00000238517de7a0, 0x0000023851911700, 0x0000023851913b40,
0x000002385192f530, 0x0000023851a7b7c0, 0x0000023851a7bcd0, 0x0000023851a7a380,
0x0000023851a7a890, 0x0000023851a79e70, 0x0000023851a7c1e0, 0x0000023851a79960
}

Java Threads: ( => current thread )
  0x0000023851782d40 JavaThread "Reference Handler" daemon [_thread_blocked, id=21116, stack(0x0000009629f00000,0x000000962a000000)]
  0x0000023851774070 JavaThread "Finalizer" daemon [_thread_blocked, id=18276, stack(0x000000962a000000,0x000000962a100000)]
  0x00000238517811a0 JavaThread "Signal Dispatcher" daemon [_thread_blocked, id=22452, stack(0x000000962a100000,0x000000962a200000)]
  0x00000238517dc410 JavaThread "Attach Listener" daemon [_thread_blocked, id=14716, stack(0x000000962a200000,0x000000962a300000)]
  0x00000238517ddde0 JavaThread "Service Thread" daemon [_thread_blocked, id=20444, stack(0x000000962a300000,0x000000962a400000)]
  0x00000238517de7a0 JavaThread "Monitor Deflation Thread" daemon [_thread_blocked, id=22688, stack(0x000000962a400000,0x000000962a500000)]
  0x0000023851911700 JavaThread "C2 CompilerThread0" daemon [_thread_blocked, id=23916, stack(0x000000962a500000,0x000000962a600000)]
  0x0000023851913b40 JavaThread "C1 CompilerThread0" daemon [_thread_blocked, id=23732, stack(0x000000962a600000,0x000000962a700000)]
  0x000002385192f530 JavaThread "Sweeper thread" daemon [_thread_blocked, id=19564, stack(0x000000962a700000,0x000000962a800000)]
  0x0000023851a7b7c0 JavaThread "Notification Thread" daemon [_thread_blocked, id=23872, stack(0x000000962a800000,0x000000962a900000)]
  0x0000023851a7bcd0 JavaThread "Common-Cleaner" daemon [_thread_blocked, id=22148, stack(0x000000962aa00000,0x000000962ab00000)]
  0x0000023851a7a380 JavaThread "Java2D Disposer" daemon [_thread_blocked, id=1220, stack(0x000000962ab00000,0x000000962ac00000)]
  0x0000023851a7a890 JavaThread "AWT-Shutdown" [_thread_blocked, id=5856, stack(0x000000962ac00000,0x000000962ad00000)]
  0x0000023851a79e70 JavaThread "AWT-Windows" daemon [_thread_in_native, id=20540, stack(0x000000962ad00000,0x000000962ae00000)]
=>0x0000023851a7c1e0 JavaThread "AWT-EventQueue-0" [_thread_in_vm, id=23428, stack(0x000000962ae00000,0x000000962af00000)]
  0x0000023851a79960 JavaThread "DestroyJavaVM" [_thread_blocked, id=13748, stack(0x0000009629800000,0x0000009629900000)]

Other Threads:
  0x0000023851733640 VMThread "VM Thread" [stack: 0x0000009629e00000,0x0000009629f00000] [id=23624]
  0x00000238393e0f60 WatcherThread [stack: 0x000000962a900000,0x000000962aa00000] [id=22644]
  0x00000238393c39a0 GCTaskThread "GC Thread#0" [stack: 0x0000009629900000,0x0000009629a00000] [id=23016]
  0x00000238393d0e90 ConcurrentGCThread "G1 Main Marker" [stack: 0x0000009629a00000,0x0000009629b00000] [id=23440]
  0x00000238393d18a0 ConcurrentGCThread "G1 Conc#0" [stack: 0x0000009629b00000,0x0000009629c00000] [id=21216]
  0x0000023839435870 ConcurrentGCThread "G1 Refine#0" [stack: 0x0000009629c00000,0x0000009629d00000] [id=22816]
  0x00000238394362a0 ConcurrentGCThread "G1 Service" [stack: 0x0000009629d00000,0x0000009629e00000] [id=23568]

Threads with active compile tasks:

VM state: not at safepoint (normal execution)

VM Mutex/Monitor currently owned by a thread:  ([mutex/lock_event])
[0x000002383936f9f0] Metaspace_lock - owner thread: 0x0000023851a7c1e0

Heap address: 0x00000000a1000000, size: 1520 MB, Compressed Oops mode: 32-bit

CDS archive(s) not mapped
Compressed class space mapped at: 0x0000000100000000-0x0000000140000000, reserved size: 1073741824
Narrow klass base: 0x0000000000000000, Narrow klass shift: 3, Narrow klass range: 0x140000000

GC Precious Log:
 CPUs: 4 total, 4 available
 Memory: 6072M
 Large Page Support: Disabled
 NUMA Support: Disabled
 Compressed Oops: Enabled (32-bit)
 Heap Region Size: 1M
 Heap Min Capacity: 8M
 Heap Initial Capacity: 96M
 Heap Max Capacity: 1520M
 Pre-touch: Disabled
 Parallel Workers: 4
 Concurrent Workers: 1
 Concurrent Refinement Workers: 4
 Periodic GC: Disabled

Heap:
 garbage-first heap   total 98304K, used 7168K [0x00000000a1000000, 0x0000000100000000)
  region size 1024K, 8 young (8192K), 0 survivors (0K)
 Metaspace       used 14196K, committed 14336K, reserved 1114112K
  class space    used 1404K, committed 1472K, reserved 1048576K

Heap Regions: E=young(eden), S=young(survivor), O=old, HS=humongous(starts), HC=humongous(continues), CS=collection set, F=free, OA=open archive, CA=closed archive, TAMS=top-at-mark-start (previous, next)
|   0|0x00000000a1000000, 0x00000000a1000000, 0x00000000a1100000|  0%| F|  |TAMS 0x00000000a1000000, 0x00000000a1000000| Untracked 
|   1|0x00000000a1100000, 0x00000000a1100000, 0x00000000a1200000|  0%| F|  |TAMS 0x00000000a1100000, 0x00000000a1100000| Untracked 
|   2|0x00000000a1200000, 0x00000000a1200000, 0x00000000a1300000|  0%| F|  |TAMS 0x00000000a1200000, 0x00000000a1200000| Untracked 
|   3|0x00000000a1300000, 0x00000000a1300000, 0x00000000a1400000|  0%| F|  |TAMS 0x00000000a1300000, 0x00000000a1300000| Untracked 
|   4|0x00000000a1400000, 0x00000000a1400000, 0x00000000a1500000|  0%| F|  |TAMS 0x00000000a1400000, 0x00000000a1400000| Untracked 
|   5|0x00000000a1500000, 0x00000000a1500000, 0x00000000a1600000|  0%| F|  |TAMS 0x00000000a1500000, 0x00000000a1500000| Untracked 
|   6|0x00000000a1600000, 0x00000000a1600000, 0x00000000a1700000|  0%| F|  |TAMS 0x00000000a1600000, 0x00000000a1600000| Untracked 
|   7|0x00000000a1700000, 0x00000000a1700000, 0x00000000a1800000|  0%| F|  |TAMS 0x00000000a1700000, 0x00000000a1700000| Untracked 
|   8|0x00000000a1800000, 0x00000000a1800000, 0x00000000a1900000|  0%| F|  |TAMS 0x00000000a1800000, 0x00000000a1800000| Untracked 
|   9|0x00000000a1900000, 0x00000000a1900000, 0x00000000a1a00000|  0%| F|  |TAMS 0x00000000a1900000, 0x00000000a1900000| Untracked 
|  10|0x00000000a1a00000, 0x00000000a1a00000, 0x00000000a1b00000|  0%| F|  |TAMS 0x00000000a1a00000, 0x00000000a1a00000| Untracked 
|  11|0x00000000a1b00000, 0x00000000a1b00000, 0x00000000a1c00000|  0%| F|  |TAMS 0x00000000a1b00000, 0x00000000a1b00000| Untracked 
|  12|0x00000000a1c00000, 0x00000000a1c00000, 0x00000000a1d00000|  0%| F|  |TAMS 0x00000000a1c00000, 0x00000000a1c00000| Untracked 
|  13|0x00000000a1d00000, 0x00000000a1d00000, 0x00000000a1e00000|  0%| F|  |TAMS 0x00000000a1d00000, 0x00000000a1d00000| Untracked 
|  14|0x00000000a1e00000, 0x00000000a1e00000, 0x00000000a1f00000|  0%| F|  |TAMS 0x00000000a1e00000, 0x00000000a1e00000| Untracked 
|  15|0x00000000a1f00000, 0x00000000a1f00000, 0x00000000a2000000|  0%| F|  |TAMS 0x00000000a1f00000, 0x00000000a1f00000| Untracked 
|  16|0x00000000a2000000, 0x00000000a2000000, 0x00000000a2100000|  0%| F|  |TAMS 0x00000000a2000000, 0x00000000a2000000| Untracked 
|  17|0x00000000a2100000, 0x00000000a2100000, 0x00000000a2200000|  0%| F|  |TAMS 0x00000000a2100000, 0x00000000a2100000| Untracked 
|  18|0x00000000a2200000, 0x00000000a2200000, 0x00000000a2300000|  0%| F|  |TAMS 0x00000000a2200000, 0x00000000a2200000| Untracked 
|  19|0x00000000a2300000, 0x00000000a2300000, 0x00000000a2400000|  0%| F|  |TAMS 0x00000000a2300000, 0x00000000a2300000| Untracked 
|  20|0x00000000a2400000, 0x00000000a2400000, 0x00000000a2500000|  0%| F|  |TAMS 0x00000000a2400000, 0x00000000a2400000| Untracked 
|  21|0x00000000a2500000, 0x00000000a2500000, 0x00000000a2600000|  0%| F|  |TAMS 0x00000000a2500000, 0x00000000a2500000| Untracked 
|  22|0x00000000a2600000, 0x00000000a2600000, 0x00000000a2700000|  0%| F|  |TAMS 0x00000000a2600000, 0x00000000a2600000| Untracked 
|  23|0x00000000a2700000, 0x00000000a2700000, 0x00000000a2800000|  0%| F|  |TAMS 0x00000000a2700000, 0x00000000a2700000| Untracked 
|  24|0x00000000a2800000, 0x00000000a2800000, 0x00000000a2900000|  0%| F|  |TAMS 0x00000000a2800000, 0x00000000a2800000| Untracked 
|  25|0x00000000a2900000, 0x00000000a2900000, 0x00000000a2a00000|  0%| F|  |TAMS 0x00000000a2900000, 0x00000000a2900000| Untracked 
|  26|0x00000000a2a00000, 0x00000000a2a00000, 0x00000000a2b00000|  0%| F|  |TAMS 0x00000000a2a00000, 0x00000000a2a00000| Untracked 
|  27|0x00000000a2b00000, 0x00000000a2b00000, 0x00000000a2c00000|  0%| F|  |TAMS 0x00000000a2b00000, 0x00000000a2b00000| Untracked 
|  28|0x00000000a2c00000, 0x00000000a2c00000, 0x00000000a2d00000|  0%| F|  |TAMS 0x00000000a2c00000, 0x00000000a2c00000| Untracked 
|  29|0x00000000a2d00000, 0x00000000a2d00000, 0x00000000a2e00000|  0%| F|  |TAMS 0x00000000a2d00000, 0x00000000a2d00000| Untracked 
|  30|0x00000000a2e00000, 0x00000000a2e00000, 0x00000000a2f00000|  0%| F|  |TAMS 0x00000000a2e00000, 0x00000000a2e00000| Untracked 
|  31|0x00000000a2f00000, 0x00000000a2f00000, 0x00000000a3000000|  0%| F|  |TAMS 0x00000000a2f00000, 0x00000000a2f00000| Untracked 
|  32|0x00000000a3000000, 0x00000000a3000000, 0x00000000a3100000|  0%| F|  |TAMS 0x00000000a3000000, 0x00000000a3000000| Untracked 
|  33|0x00000000a3100000, 0x00000000a3100000, 0x00000000a3200000|  0%| F|  |TAMS 0x00000000a3100000, 0x00000000a3100000| Untracked 
|  34|0x00000000a3200000, 0x00000000a3200000, 0x00000000a3300000|  0%| F|  |TAMS 0x00000000a3200000, 0x00000000a3200000| Untracked 
|  35|0x00000000a3300000, 0x00000000a3300000, 0x00000000a3400000|  0%| F|  |TAMS 0x00000000a3300000, 0x00000000a3300000| Untracked 
|  36|0x00000000a3400000, 0x00000000a3400000, 0x00000000a3500000|  0%| F|  |TAMS 0x00000000a3400000, 0x00000000a3400000| Untracked 
|  37|0x00000000a3500000, 0x00000000a3500000, 0x00000000a3600000|  0%| F|  |TAMS 0x00000000a3500000, 0x00000000a3500000| Untracked 
|  38|0x00000000a3600000, 0x00000000a3600000, 0x00000000a3700000|  0%| F|  |TAMS 0x00000000a3600000, 0x00000000a3600000| Untracked 
|  39|0x00000000a3700000, 0x00000000a3700000, 0x00000000a3800000|  0%| F|  |TAMS 0x00000000a3700000, 0x00000000a3700000| Untracked 
|  40|0x00000000a3800000, 0x00000000a3800000, 0x00000000a3900000|  0%| F|  |TAMS 0x00000000a3800000, 0x00000000a3800000| Untracked 
|  41|0x00000000a3900000, 0x00000000a3900000, 0x00000000a3a00000|  0%| F|  |TAMS 0x00000000a3900000, 0x00000000a3900000| Untracked 
|  42|0x00000000a3a00000, 0x00000000a3a00000, 0x00000000a3b00000|  0%| F|  |TAMS 0x00000000a3a00000, 0x00000000a3a00000| Untracked 
|  43|0x00000000a3b00000, 0x00000000a3b00000, 0x00000000a3c00000|  0%| F|  |TAMS 0x00000000a3b00000, 0x00000000a3b00000| Untracked 
|  44|0x00000000a3c00000, 0x00000000a3c00000, 0x00000000a3d00000|  0%| F|  |TAMS 0x00000000a3c00000, 0x00000000a3c00000| Untracked 
|  45|0x00000000a3d00000, 0x00000000a3d00000, 0x00000000a3e00000|  0%| F|  |TAMS 0x00000000a3d00000, 0x00000000a3d00000| Untracked 
|  46|0x00000000a3e00000, 0x00000000a3e00000, 0x00000000a3f00000|  0%| F|  |TAMS 0x00000000a3e00000, 0x00000000a3e00000| Untracked 
|  47|0x00000000a3f00000, 0x00000000a3f00000, 0x00000000a4000000|  0%| F|  |TAMS 0x00000000a3f00000, 0x00000000a3f00000| Untracked 
|  48|0x00000000a4000000, 0x00000000a4000000, 0x00000000a4100000|  0%| F|  |TAMS 0x00000000a4000000, 0x00000000a4000000| Untracked 
|  49|0x00000000a4100000, 0x00000000a4100000, 0x00000000a4200000|  0%| F|  |TAMS 0x00000000a4100000, 0x00000000a4100000| Untracked 
|  50|0x00000000a4200000, 0x00000000a4200000, 0x00000000a4300000|  0%| F|  |TAMS 0x00000000a4200000, 0x00000000a4200000| Untracked 
|  51|0x00000000a4300000, 0x00000000a4300000, 0x00000000a4400000|  0%| F|  |TAMS 0x00000000a4300000, 0x00000000a4300000| Untracked 
|  52|0x00000000a4400000, 0x00000000a4400000, 0x00000000a4500000|  0%| F|  |TAMS 0x00000000a4400000, 0x00000000a4400000| Untracked 
|  53|0x00000000a4500000, 0x00000000a4500000, 0x00000000a4600000|  0%| F|  |TAMS 0x00000000a4500000, 0x00000000a4500000| Untracked 
|  54|0x00000000a4600000, 0x00000000a4600000, 0x00000000a4700000|  0%| F|  |TAMS 0x00000000a4600000, 0x00000000a4600000| Untracked 
|  55|0x00000000a4700000, 0x00000000a4700000, 0x00000000a4800000|  0%| F|  |TAMS 0x00000000a4700000, 0x00000000a4700000| Untracked 
|  56|0x00000000a4800000, 0x00000000a4800000, 0x00000000a4900000|  0%| F|  |TAMS 0x00000000a4800000, 0x00000000a4800000| Untracked 
|  57|0x00000000a4900000, 0x00000000a4900000, 0x00000000a4a00000|  0%| F|  |TAMS 0x00000000a4900000, 0x00000000a4900000| Untracked 
|  58|0x00000000a4a00000, 0x00000000a4a00000, 0x00000000a4b00000|  0%| F|  |TAMS 0x00000000a4a00000, 0x00000000a4a00000| Untracked 
|  59|0x00000000a4b00000, 0x00000000a4b00000, 0x00000000a4c00000|  0%| F|  |TAMS 0x00000000a4b00000, 0x00000000a4b00000| Untracked 
|  60|0x00000000a4c00000, 0x00000000a4c00000, 0x00000000a4d00000|  0%| F|  |TAMS 0x00000000a4c00000, 0x00000000a4c00000| Untracked 
|  61|0x00000000a4d00000, 0x00000000a4d00000, 0x00000000a4e00000|  0%| F|  |TAMS 0x00000000a4d00000, 0x00000000a4d00000| Untracked 
|  62|0x00000000a4e00000, 0x00000000a4e00000, 0x00000000a4f00000|  0%| F|  |TAMS 0x00000000a4e00000, 0x00000000a4e00000| Untracked 
|  63|0x00000000a4f00000, 0x00000000a4f00000, 0x00000000a5000000|  0%| F|  |TAMS 0x00000000a4f00000, 0x00000000a4f00000| Untracked 
|  64|0x00000000a5000000, 0x00000000a5000000, 0x00000000a5100000|  0%| F|  |TAMS 0x00000000a5000000, 0x00000000a5000000| Untracked 
|  65|0x00000000a5100000, 0x00000000a5100000, 0x00000000a5200000|  0%| F|  |TAMS 0x00000000a5100000, 0x00000000a5100000| Untracked 
|  66|0x00000000a5200000, 0x00000000a5200000, 0x00000000a5300000|  0%| F|  |TAMS 0x00000000a5200000, 0x00000000a5200000| Untracked 
|  67|0x00000000a5300000, 0x00000000a5300000, 0x00000000a5400000|  0%| F|  |TAMS 0x00000000a5300000, 0x00000000a5300000| Untracked 
|  68|0x00000000a5400000, 0x00000000a5400000, 0x00000000a5500000|  0%| F|  |TAMS 0x00000000a5400000, 0x00000000a5400000| Untracked 
|  69|0x00000000a5500000, 0x00000000a5500000, 0x00000000a5600000|  0%| F|  |TAMS 0x00000000a5500000, 0x00000000a5500000| Untracked 
|  70|0x00000000a5600000, 0x00000000a5600000, 0x00000000a5700000|  0%| F|  |TAMS 0x00000000a5600000, 0x00000000a5600000| Untracked 
|  71|0x00000000a5700000, 0x00000000a5700000, 0x00000000a5800000|  0%| F|  |TAMS 0x00000000a5700000, 0x00000000a5700000| Untracked 
|  72|0x00000000a5800000, 0x00000000a5800000, 0x00000000a5900000|  0%| F|  |TAMS 0x00000000a5800000, 0x00000000a5800000| Untracked 
|  73|0x00000000a5900000, 0x00000000a5900000, 0x00000000a5a00000|  0%| F|  |TAMS 0x00000000a5900000, 0x00000000a5900000| Untracked 
|  74|0x00000000a5a00000, 0x00000000a5a00000, 0x00000000a5b00000|  0%| F|  |TAMS 0x00000000a5a00000, 0x00000000a5a00000| Untracked 
|  75|0x00000000a5b00000, 0x00000000a5b00000, 0x00000000a5c00000|  0%| F|  |TAMS 0x00000000a5b00000, 0x00000000a5b00000| Untracked 
|  76|0x00000000a5c00000, 0x00000000a5c00000, 0x00000000a5d00000|  0%| F|  |TAMS 0x00000000a5c00000, 0x00000000a5c00000| Untracked 
|  77|0x00000000a5d00000, 0x00000000a5d00000, 0x00000000a5e00000|  0%| F|  |TAMS 0x00000000a5d00000, 0x00000000a5d00000| Untracked 
|  78|0x00000000a5e00000, 0x00000000a5e00000, 0x00000000a5f00000|  0%| F|  |TAMS 0x00000000a5e00000, 0x00000000a5e00000| Untracked 
|  79|0x00000000a5f00000, 0x00000000a5f00000, 0x00000000a6000000|  0%| F|  |TAMS 0x00000000a5f00000, 0x00000000a5f00000| Untracked 
|  80|0x00000000a6000000, 0x00000000a6000000, 0x00000000a6100000|  0%| F|  |TAMS 0x00000000a6000000, 0x00000000a6000000| Untracked 
|  81|0x00000000a6100000, 0x00000000a6100000, 0x00000000a6200000|  0%| F|  |TAMS 0x00000000a6100000, 0x00000000a6100000| Untracked 
|  82|0x00000000a6200000, 0x00000000a6200000, 0x00000000a6300000|  0%| F|  |TAMS 0x00000000a6200000, 0x00000000a6200000| Untracked 
|  83|0x00000000a6300000, 0x00000000a6300000, 0x00000000a6400000|  0%| F|  |TAMS 0x00000000a6300000, 0x00000000a6300000| Untracked 
|  84|0x00000000a6400000, 0x00000000a6400000, 0x00000000a6500000|  0%| F|  |TAMS 0x00000000a6400000, 0x00000000a6400000| Untracked 
|  85|0x00000000a6500000, 0x00000000a6500000, 0x00000000a6600000|  0%| F|  |TAMS 0x00000000a6500000, 0x00000000a6500000| Untracked 
|  86|0x00000000a6600000, 0x00000000a6600000, 0x00000000a6700000|  0%| F|  |TAMS 0x00000000a6600000, 0x00000000a6600000| Untracked 
|  87|0x00000000a6700000, 0x00000000a6700000, 0x00000000a6800000|  0%| F|  |TAMS 0x00000000a6700000, 0x00000000a6700000| Untracked 
|  88|0x00000000a6800000, 0x00000000a6900000, 0x00000000a6900000|100%| E|  |TAMS 0x00000000a6800000, 0x00000000a6800000| Complete 
|  89|0x00000000a6900000, 0x00000000a6a00000, 0x00000000a6a00000|100%| E|CS|TAMS 0x00000000a6900000, 0x00000000a6900000| Complete 
|  90|0x00000000a6a00000, 0x00000000a6b00000, 0x00000000a6b00000|100%| E|CS|TAMS 0x00000000a6a00000, 0x00000000a6a00000| Complete 
|  91|0x00000000a6b00000, 0x00000000a6c00000, 0x00000000a6c00000|100%| E|CS|TAMS 0x00000000a6b00000, 0x00000000a6b00000| Complete 
|  92|0x00000000a6c00000, 0x00000000a6d00000, 0x00000000a6d00000|100%| E|CS|TAMS 0x00000000a6c00000, 0x00000000a6c00000| Complete 
|  93|0x00000000a6d00000, 0x00000000a6e00000, 0x00000000a6e00000|100%| E|CS|TAMS 0x00000000a6d00000, 0x00000000a6d00000| Complete 
|  94|0x00000000a6e00000, 0x00000000a6f00000, 0x00000000a6f00000|100%| E|CS|TAMS 0x00000000a6e00000, 0x00000000a6e00000| Complete 
|  95|0x00000000a6f00000, 0x00000000a7000000, 0x00000000a7000000|100%| E|CS|TAMS 0x00000000a6f00000, 0x00000000a6f00000| Complete 

Card table byte_map: [0x000002384bd40000,0x000002384c040000] _byte_map_base: 0x000002384b838000

Marking Bits (Prev, Next): (CMBitMap*) 0x00000238393c3fc0, (CMBitMap*) 0x00000238393c4000
 Prev Bits: [0x000002384c340000, 0x000002384db00000)
 Next Bits: [0x000002384db00000, 0x000002384f2c0000)

Polling page: 0x0000023838b40000

Metaspace:

Usage:
  Non-class:     12.49 MB used.
      Class:      1.37 MB used.
       Both:     13.86 MB used.

Virtual space:
  Non-class space:       64.00 MB reserved,      12.56 MB ( 20%) committed,  1 nodes.
      Class space:        1.00 GB reserved,       1.44 MB ( <1%) committed,  1 nodes.
             Both:        1.06 GB reserved,      14.00 MB (  1%) committed. 

Chunk freelists:
   Non-Class:  2.90 MB
       Class:  14.56 MB
        Both:  17.47 MB

MaxMetaspaceSize: unlimited
CompressedClassSpaceSize: 1.00 GB
Initial GC threshold: 21.00 MB
Current GC threshold: 21.00 MB
CDS: off
MetaspaceReclaimPolicy: balanced
 - commit_granule_bytes: 65536.
 - commit_granule_words: 8192.
 - virtual_space_node_default_size: 8388608.
 - enlarge_chunks_in_place: 1.
 - new_chunks_are_fully_committed: 0.
 - uncommit_free_chunks: 1.
 - use_allocation_guard: 0.
 - handle_deallocations: 1.


Internal statistics:

num_allocs_failed_limit: 0.
num_arena_births: 112.
num_arena_deaths: 0.
num_vsnodes_births: 2.
num_vsnodes_deaths: 0.
num_space_committed: 224.
num_space_uncommitted: 0.
num_chunks_returned_to_freelist: 0.
num_chunks_taken_from_freelist: 207.
num_chunk_merges: 0.
num_chunk_splits: 111.
num_chunks_enlarged: 48.
num_inconsistent_stats: 0.

CodeHeap 'non-profiled nmethods': size=120000Kb used=234Kb max_used=234Kb free=119765Kb
 bounds [0x0000023844510000, 0x0000023844780000, 0x000002384ba40000]
CodeHeap 'profiled nmethods': size=120000Kb used=1234Kb max_used=1234Kb free=118765Kb
 bounds [0x000002383ca40000, 0x000002383ccb0000, 0x0000023843f70000]
CodeHeap 'non-nmethods': size=5760Kb used=1236Kb max_used=1245Kb free=4524Kb
 bounds [0x0000023843f70000, 0x00000238441e0000, 0x0000023844510000]
 total_blobs=1330 nmethods=778 adapters=465
 compilation: enabled
              stopped_count=0, restarted_count=0
 full_count=0

Compilation events (20 events):
Event: 0.550 Thread 0x0000023851913b40  767       3       java.lang.String::toLowerCase (8 bytes)
Event: 0.550 Thread 0x0000023851913b40 nmethod 767 0x000002383cb70790 code [0x000002383cb70960, 0x000002383cb70cf8]
Event: 0.550 Thread 0x0000023851913b40  768   !   3       javax.swing.UIDefaults::getFromResourceBundle (69 bytes)
Event: 0.550 Thread 0x0000023851913b40 nmethod 768 0x000002383cb70e10 code [0x000002383cb71000, 0x000002383cb71718]
Event: 0.550 Thread 0x0000023851913b40  769       3       java.util.zip.ZipFile$Source::getEntryNext (9 bytes)
Event: 0.550 Thread 0x0000023851913b40 nmethod 769 0x000002383cb71910 code [0x000002383cb71aa0, 0x000002383cb71bd8]
Event: 0.559 Thread 0x0000023851913b40  770       3       java.lang.ref.WeakReference::<init> (6 bytes)
Event: 0.559 Thread 0x0000023851913b40 nmethod 770 0x000002383cb71c90 code [0x000002383cb71e40, 0x000002383cb72158]
Event: 0.559 Thread 0x0000023851913b40  771       3       java.util.StringTokenizer::scanToken (179 bytes)
Event: 0.561 Thread 0x0000023851913b40 nmethod 771 0x000002383cb72290 code [0x000002383cb72600, 0x000002383cb73c18]
Event: 0.561 Thread 0x0000023851913b40  773       1       java.lang.reflect.Field::getModifiers (5 bytes)
Event: 0.561 Thread 0x0000023851913b40 nmethod 773 0x0000023844549910 code [0x0000023844549aa0, 0x0000023844549b78]
Event: 0.561 Thread 0x0000023851913b40  772       3       java.lang.Character::charCount (12 bytes)
Event: 0.561 Thread 0x0000023851913b40 nmethod 772 0x000002383cb74410 code [0x000002383cb745a0, 0x000002383cb74718]
Event: 0.561 Thread 0x0000023851913b40  774  s    1       java.util.Hashtable::size (5 bytes)
Event: 0.561 Thread 0x0000023851913b40 nmethod 774 0x0000023844549c10 code [0x0000023844549da0, 0x0000023844549f18]
Event: 0.561 Thread 0x0000023851913b40  775       3       java.lang.ClassLoader::loadClass (7 bytes)
Event: 0.561 Thread 0x0000023851913b40 nmethod 775 0x000002383cb74790 code [0x000002383cb74940, 0x000002383cb74b08]
Event: 0.561 Thread 0x0000023851913b40  776       1       java.lang.NamedPackage::module (5 bytes)
Event: 0.561 Thread 0x0000023851913b40 nmethod 776 0x0000023844549f90 code [0x000002384454a120, 0x000002384454a1f8]

GC Heap History (0 events):
No events

Dll operation events (9 events):
Event: 0.006 Loaded shared library C:\Users\gabriel\.p2\pool\plugins\org.eclipse.justj.openjdk.hotspot.jre.full.win32.x86_64_17.0.8.v20230831-1047\jre\bin\java.dll
Event: 0.105 Loaded shared library C:\Users\gabriel\.p2\pool\plugins\org.eclipse.justj.openjdk.hotspot.jre.full.win32.x86_64_17.0.8.v20230831-1047\jre\bin\net.dll
Event: 0.108 Loaded shared library C:\Users\gabriel\.p2\pool\plugins\org.eclipse.justj.openjdk.hotspot.jre.full.win32.x86_64_17.0.8.v20230831-1047\jre\bin\nio.dll
Event: 0.117 Loaded shared library C:\Users\gabriel\.p2\pool\plugins\org.eclipse.justj.openjdk.hotspot.jre.full.win32.x86_64_17.0.8.v20230831-1047\jre\bin\zip.dll
Event: 0.133 Loaded shared library C:\Users\gabriel\.p2\pool\plugins\org.eclipse.justj.openjdk.hotspot.jre.full.win32.x86_64_17.0.8.v20230831-1047\jre\bin\jimage.dll
Event: 0.165 Loaded shared library C:\Users\gabriel\.p2\pool\plugins\org.eclipse.justj.openjdk.hotspot.jre.full.win32.x86_64_17.0.8.v20230831-1047\jre\bin\awt.dll
Event: 0.307 Loaded shared library C:\Users\gabriel\AppData\Local\Temp\flatlaf.temp\flatlaf-windows-x86_64-1486723801294000.dll
Event: 0.385 Loaded shared library C:\Users\gabriel\.p2\pool\plugins\org.eclipse.justj.openjdk.hotspot.jre.full.win32.x86_64_17.0.8.v20230831-1047\jre\bin\freetype.dll
Event: 0.386 Loaded shared library C:\Users\gabriel\.p2\pool\plugins\org.eclipse.justj.openjdk.hotspot.jre.full.win32.x86_64_17.0.8.v20230831-1047\jre\bin\fontmanager.dll

Deoptimization events (18 events):
Event: 0.333 Thread 0x0000023839376850 DEOPT PACKING pc=0x000002383ca57467 sp=0x00000096298fdf00
Event: 0.333 Thread 0x0000023839376850 DEOPT UNPACKING pc=0x0000023843fc7143 sp=0x00000096298fd320 mode 0
Event: 0.352 Thread 0x0000023839376850 DEOPT PACKING pc=0x000002383ca563d1 sp=0x00000096298fe180
Event: 0.352 Thread 0x0000023839376850 DEOPT UNPACKING pc=0x0000023843fc7143 sp=0x00000096298fd5f8 mode 0
Event: 0.367 Thread 0x0000023839376850 DEOPT PACKING pc=0x000002383ca563d1 sp=0x00000096298fda90
Event: 0.367 Thread 0x0000023839376850 DEOPT UNPACKING pc=0x0000023843fc7143 sp=0x00000096298fcf08 mode 0
Event: 0.368 Thread 0x0000023839376850 Uncommon trap: trap_request=0xffffff45 fr.pc=0x000002384451983c relative=0x00000000000001bc
Event: 0.368 Thread 0x0000023839376850 Uncommon trap: reason=unstable_if action=reinterpret pc=0x000002384451983c method=java.lang.String.hashCode()I @ 20 c2
Event: 0.368 Thread 0x0000023839376850 DEOPT PACKING pc=0x000002384451983c sp=0x00000096298fee70
Event: 0.368 Thread 0x0000023839376850 DEOPT UNPACKING pc=0x0000023843fc69a3 sp=0x00000096298fee08 mode 2
Event: 0.395 Thread 0x0000023839376850 Uncommon trap: trap_request=0xffffff45 fr.pc=0x0000023844531524 relative=0x0000000000000324
Event: 0.395 Thread 0x0000023839376850 Uncommon trap: reason=unstable_if action=reinterpret pc=0x0000023844531524 method=java.lang.StringUTF16.compress([CI[BII)I @ 20 c2
Event: 0.395 Thread 0x0000023839376850 DEOPT PACKING pc=0x0000023844531524 sp=0x00000096298fdbf0
Event: 0.395 Thread 0x0000023839376850 DEOPT UNPACKING pc=0x0000023843fc69a3 sp=0x00000096298fdb70 mode 2
Event: 0.413 Thread 0x0000023839376850 Uncommon trap: trap_request=0xffffffde fr.pc=0x000002384453ba88 relative=0x0000000000000188
Event: 0.413 Thread 0x0000023839376850 Uncommon trap: reason=class_check action=maybe_recompile pc=0x000002384453ba88 method=java.lang.String.equals(Ljava/lang/Object;)Z @ 8 c2
Event: 0.413 Thread 0x0000023839376850 DEOPT PACKING pc=0x000002384453ba88 sp=0x00000096298fedb0
Event: 0.413 Thread 0x0000023839376850 DEOPT UNPACKING pc=0x0000023843fc69a3 sp=0x00000096298fed48 mode 2

Classes unloaded (0 events):
No events

Classes redefined (0 events):
No events

Internal exceptions (13 events):
Event: 0.154 Thread 0x0000023839376850 Exception <a 'java/lang/ClassNotFoundException'{0x00000000a6e73700}: sun/awt/resources/spi/awtProvider> (0x00000000a6e73700) 
thrown [s\src\hotspot\share\classfile\systemDictionary.cpp, line 256]
Event: 0.182 Thread 0x0000023839376850 Exception <a 'java/io/FileNotFoundException'{0x00000000a6ecd468}> (0x00000000a6ecd468) 
thrown [s\src\hotspot\share\prims\jni.cpp, line 516]
Event: 0.189 Thread 0x0000023839376850 Exception <a 'java/io/FileNotFoundException'{0x00000000a6efa938}> (0x00000000a6efa938) 
thrown [s\src\hotspot\share\prims\jni.cpp, line 516]
Event: 0.228 Thread 0x0000023839376850 Exception <a 'java/lang/NoSuchMethodError'{0x00000000a6d5be90}: 'java.lang.Object java.lang.invoke.DirectMethodHandle$Holder.invokeStaticInit(java.lang.Object)'> (0x00000000a6d5be90) 
thrown [s\src\hotspot\share\interpreter\linkResolver.cpp, line 759]
Event: 0.256 Thread 0x0000023839376850 Exception <a 'java/lang/NoSuchMethodError'{0x00000000a6dcbef8}: 'void java.lang.invoke.DirectMethodHandle$Holder.invokeSpecial(java.lang.Object, java.lang.Object, java.lang.Object)'> (0x00000000a6dcbef8) 
thrown [s\src\hotspot\share\interpreter\linkResolver.cpp, line 759]
Event: 0.270 Thread 0x0000023839376850 Exception <a 'sun/nio/fs/WindowsException'{0x00000000a6df64b8}> (0x00000000a6df64b8) 
thrown [s\src\hotspot\share\prims\jni.cpp, line 516]
Event: 0.312 Thread 0x0000023839376850 Exception <a 'java/lang/NoSuchMethodError'{0x00000000a6c391f0}: 'void java.lang.invoke.DirectMethodHandle$Holder.invokeStatic(java.lang.Object, java.lang.Object)'> (0x00000000a6c391f0) 
thrown [s\src\hotspot\share\interpreter\linkResolver.cpp, line 759]
Event: 0.317 Thread 0x0000023839376850 Exception <a 'java/lang/NoSuchMethodError'{0x00000000a6c60090}: 'java.lang.Object java.lang.invoke.DirectMethodHandle$Holder.newInvokeSpecial(java.lang.Object, java.lang.Object, java.lang.Object, java.lang.Object, java.lang.Object)'> (0x00000000a6c60090) 
thrown [s\src\hotspot\share\interpreter\linkResolver.cpp, line 759]
Event: 0.318 Thread 0x0000023839376850 Exception <a 'java/lang/NoSuchMethodError'{0x00000000a6c6b7b0}: 'java.lang.Object java.lang.invoke.DirectMethodHandle$Holder.invokeStatic(java.lang.Object, int, java.lang.Object, java.lang.Object, java.lang.Object, java.lang.Object)'> (0x00000000a6c6b7b0) 
thrown [s\src\hotspot\share\interpreter\linkResolver.cpp, line 759]
Event: 0.321 Thread 0x0000023839376850 Exception <a 'java/lang/NoSuchMethodError'{0x00000000a6c90f48}: 'java.lang.Object java.lang.invoke.DirectMethodHandle$Holder.invokeStatic(java.lang.Object, int, java.lang.Object)'> (0x00000000a6c90f48) 
thrown [s\src\hotspot\share\interpreter\linkResolver.cpp, line 759]
Event: 0.331 Thread 0x0000023839376850 Exception <a 'java/lang/ClassNotFoundException'{0x00000000a6cddd18}: com/sun/swing/internal/plaf/basic/resources/spi/basicProvider> (0x00000000a6cddd18) 
thrown [s\src\hotspot\share\classfile\systemDictionary.cpp, line 256]
Event: 0.336 Thread 0x0000023839376850 Exception <a 'java/lang/NoSuchMethodError'{0x00000000a6b047c0}: 'int java.lang.invoke.DirectMethodHandle$Holder.invokeStatic(java.lang.Object)'> (0x00000000a6b047c0) 
thrown [s\src\hotspot\share\interpreter\linkResolver.cpp, line 759]
Event: 0.562 Thread 0x0000023851a7c1e0 Exception <a 'java/lang/NoSuchMethodError'{0x00000000a68ea3a8}: 'java.lang.Object java.lang.invoke.DirectMethodHandle$Holder.invokeVirtual(java.lang.Object, java.lang.Object, java.lang.Object, java.lang.Object)'> (0x00000000a68ea3a8) 
thrown [s\src\hotspot\share\interpreter\linkResolver.cpp, line 759]

VM Operations (10 events):
Event: 0.118 Executing VM operation: HandshakeAllThreads
Event: 0.118 Executing VM operation: HandshakeAllThreads done
Event: 0.404 Executing VM operation: HandshakeAllThreads
Event: 0.404 Executing VM operation: HandshakeAllThreads done
Event: 0.406 Executing VM operation: HandshakeAllThreads
Event: 0.406 Executing VM operation: HandshakeAllThreads done
Event: 0.507 Executing VM operation: HandshakeAllThreads
Event: 0.508 Executing VM operation: HandshakeAllThreads done
Event: 0.554 Executing VM operation: HandshakeAllThreads
Event: 0.554 Executing VM operation: HandshakeAllThreads done

Events (20 events):
Event: 0.563 loading class javax/swing/JTextField$ScrollRepainter done
Event: 0.564 loading class javax/swing/text/GapContent$InsertUndo
Event: 0.564 loading class javax/swing/undo/AbstractUndoableEdit
Event: 0.564 loading class javax/swing/undo/UndoableEdit
Event: 0.564 loading class javax/swing/undo/UndoableEdit done
Event: 0.564 loading class javax/swing/undo/AbstractUndoableEdit done
Event: 0.564 loading class javax/swing/text/GapContent$InsertUndo done
Event: 0.564 loading class javax/swing/text/AbstractDocument$DefaultDocumentEvent
Event: 0.564 loading class javax/swing/event/DocumentEvent
Event: 0.564 loading class javax/swing/event/DocumentEvent done
Event: 0.564 loading class javax/swing/undo/CompoundEdit
Event: 0.564 loading class javax/swing/undo/CompoundEdit done
Event: 0.564 loading class javax/swing/text/AbstractDocument$DefaultDocumentEvent done
Event: 0.564 loading class javax/swing/event/DocumentEvent$EventType
Event: 0.564 loading class javax/swing/event/DocumentEvent$EventType done
Event: 0.564 loading class javax/swing/text/Segment
Event: 0.564 loading class java/text/CharacterIterator
Event: 0.564 loading class java/text/CharacterIterator done
Event: 0.564 loading class javax/swing/text/Segment done
Event: 0.564 loading class javax/swing/text/Utilities


Dynamic libraries:
0x00007ff71f430000 - 0x00007ff71f43e000 	C:\Users\gabriel\.p2\pool\plugins\org.eclipse.justj.openjdk.hotspot.jre.full.win32.x86_64_17.0.8.v20230831-1047\jre\bin\javaw.exe
0x00007ffb6ea70000 - 0x00007ffb6ec67000 	C:\WINDOWS\SYSTEM32\ntdll.dll
0x00007ffb6e970000 - 0x00007ffb6ea2d000 	C:\WINDOWS\System32\KERNEL32.DLL
0x00007ffb6c560000 - 0x00007ffb6c856000 	C:\WINDOWS\System32\KERNELBASE.dll
0x00007ffb6c380000 - 0x00007ffb6c480000 	C:\WINDOWS\System32\ucrtbase.dll
0x00007ffb5e2e0000 - 0x00007ffb5e2f7000 	C:\Users\gabriel\.p2\pool\plugins\org.eclipse.justj.openjdk.hotspot.jre.full.win32.x86_64_17.0.8.v20230831-1047\jre\bin\jli.dll
0x00007ffb5e580000 - 0x00007ffb5e599000 	C:\Users\gabriel\.p2\pool\plugins\org.eclipse.justj.openjdk.hotspot.jre.full.win32.x86_64_17.0.8.v20230831-1047\jre\bin\VCRUNTIME140.dll
0x00007ffb6e7a0000 - 0x00007ffb6e93e000 	C:\WINDOWS\System32\USER32.dll
0x00007ffb6c860000 - 0x00007ffb6c882000 	C:\WINDOWS\System32\win32u.dll
0x00007ffb62780000 - 0x00007ffb62a1a000 	C:\WINDOWS\WinSxS\amd64_microsoft.windows.common-controls_6595b64144ccf1df_6.0.19041.3570_none_60bb2a3971f3e41a\COMCTL32.dll
0x00007ffb6dc40000 - 0x00007ffb6dc6c000 	C:\WINDOWS\System32\GDI32.dll
0x00007ffb6d5b0000 - 0x00007ffb6d64e000 	C:\WINDOWS\System32\msvcrt.dll
0x00007ffb6c940000 - 0x00007ffb6ca5a000 	C:\WINDOWS\System32\gdi32full.dll
0x00007ffb6c2e0000 - 0x00007ffb6c37d000 	C:\WINDOWS\System32\msvcp_win.dll
0x00007ffb6de50000 - 0x00007ffb6de80000 	C:\WINDOWS\System32\IMM32.DLL
0x00007ffb68f90000 - 0x00007ffb68f9c000 	C:\Users\gabriel\.p2\pool\plugins\org.eclipse.justj.openjdk.hotspot.jre.full.win32.x86_64_17.0.8.v20230831-1047\jre\bin\vcruntime140_1.dll
0x00007ffb4d1f0000 - 0x00007ffb4d281000 	C:\Users\gabriel\.p2\pool\plugins\org.eclipse.justj.openjdk.hotspot.jre.full.win32.x86_64_17.0.8.v20230831-1047\jre\bin\msvcp140.dll
0x00007ffb04440000 - 0x00007ffb0508c000 	C:\Users\gabriel\.p2\pool\plugins\org.eclipse.justj.openjdk.hotspot.jre.full.win32.x86_64_17.0.8.v20230831-1047\jre\bin\server\jvm.dll
0x00007ffb6de80000 - 0x00007ffb6df2e000 	C:\WINDOWS\System32\ADVAPI32.dll
0x00007ffb6dc70000 - 0x00007ffb6dd0c000 	C:\WINDOWS\System32\sechost.dll
0x00007ffb6d2d0000 - 0x00007ffb6d3f6000 	C:\WINDOWS\System32\RPCRT4.dll
0x00007ffb646d0000 - 0x00007ffb646f7000 	C:\WINDOWS\SYSTEM32\WINMM.dll
0x00007ffb6bf00000 - 0x00007ffb6bf4b000 	C:\WINDOWS\SYSTEM32\POWRPROF.dll
0x00007ffb672f0000 - 0x00007ffb672f9000 	C:\WINDOWS\SYSTEM32\WSOCK32.dll
0x00007ffb64630000 - 0x00007ffb6463a000 	C:\WINDOWS\SYSTEM32\VERSION.dll
0x00007ffb6dde0000 - 0x00007ffb6de4b000 	C:\WINDOWS\System32\WS2_32.dll
0x00007ffb6be70000 - 0x00007ffb6be82000 	C:\WINDOWS\SYSTEM32\UMPDC.dll
0x00007ffb6a010000 - 0x00007ffb6a022000 	C:\WINDOWS\SYSTEM32\kernel.appcore.dll
0x00007ffb5f480000 - 0x00007ffb5f48a000 	C:\Users\gabriel\.p2\pool\plugins\org.eclipse.justj.openjdk.hotspot.jre.full.win32.x86_64_17.0.8.v20230831-1047\jre\bin\jimage.dll
0x00007ffb66830000 - 0x00007ffb66a14000 	C:\WINDOWS\SYSTEM32\DBGHELP.DLL
0x00007ffb5af40000 - 0x00007ffb5af74000 	C:\WINDOWS\SYSTEM32\dbgcore.DLL
0x00007ffb6c4d0000 - 0x00007ffb6c552000 	C:\WINDOWS\System32\bcryptPrimitives.dll
0x00007ffb5e370000 - 0x00007ffb5e395000 	C:\Users\gabriel\.p2\pool\plugins\org.eclipse.justj.openjdk.hotspot.jre.full.win32.x86_64_17.0.8.v20230831-1047\jre\bin\java.dll
0x00007ffb5ec10000 - 0x00007ffb5ec28000 	C:\Users\gabriel\.p2\pool\plugins\org.eclipse.justj.openjdk.hotspot.jre.full.win32.x86_64_17.0.8.v20230831-1047\jre\bin\zip.dll
0x00007ffb6e050000 - 0x00007ffb6e794000 	C:\WINDOWS\System32\SHELL32.dll
0x00007ffb6a210000 - 0x00007ffb6a9ab000 	C:\WINDOWS\SYSTEM32\windows.storage.dll
0x00007ffb6ccf0000 - 0x00007ffb6d044000 	C:\WINDOWS\System32\combase.dll
0x00007ffb6bb10000 - 0x00007ffb6bb3d000 	C:\WINDOWS\SYSTEM32\Wldp.dll
0x00007ffb6cb30000 - 0x00007ffb6cbdd000 	C:\WINDOWS\System32\SHCORE.dll
0x00007ffb6cbe0000 - 0x00007ffb6cc35000 	C:\WINDOWS\System32\shlwapi.dll
0x00007ffb6c080000 - 0x00007ffb6c0a5000 	C:\WINDOWS\SYSTEM32\profapi.dll
0x00007ffb5bd70000 - 0x00007ffb5bd89000 	C:\Users\gabriel\.p2\pool\plugins\org.eclipse.justj.openjdk.hotspot.jre.full.win32.x86_64_17.0.8.v20230831-1047\jre\bin\net.dll
0x00007ffb640f0000 - 0x00007ffb641fa000 	C:\WINDOWS\SYSTEM32\WINHTTP.dll
0x00007ffb6b880000 - 0x00007ffb6b8ea000 	C:\WINDOWS\system32\mswsock.dll
0x00007ffb5bc40000 - 0x00007ffb5bc55000 	C:\Users\gabriel\.p2\pool\plugins\org.eclipse.justj.openjdk.hotspot.jre.full.win32.x86_64_17.0.8.v20230831-1047\jre\bin\nio.dll
0x00007ffb46ea0000 - 0x00007ffb4702e000 	C:\Users\gabriel\.p2\pool\plugins\org.eclipse.justj.openjdk.hotspot.jre.full.win32.x86_64_17.0.8.v20230831-1047\jre\bin\awt.dll
0x00007ffb6dd10000 - 0x00007ffb6dddd000 	C:\WINDOWS\System32\OLEAUT32.dll
0x00007ffb69950000 - 0x00007ffb699e0000 	C:\WINDOWS\SYSTEM32\apphelp.dll
0x00007ffb69af0000 - 0x00007ffb69b8e000 	C:\WINDOWS\system32\uxtheme.dll
0x00007ffb6df30000 - 0x00007ffb6e044000 	C:\WINDOWS\System32\MSCTF.dll
0x00007ffb6d1a0000 - 0x00007ffb6d2cb000 	C:\WINDOWS\System32\ole32.dll
0x00007ffb69c20000 - 0x00007ffb69c4f000 	C:\WINDOWS\system32\DWMAPI.DLL
0x00007ffb5ec00000 - 0x00007ffb5ec06000 	C:\Users\gabriel\AppData\Local\Temp\flatlaf.temp\flatlaf-windows-x86_64-1486723801294000.dll
0x00007ffb4a250000 - 0x00007ffb4a2d6000 	C:\Users\gabriel\.p2\pool\plugins\org.eclipse.justj.openjdk.hotspot.jre.full.win32.x86_64_17.0.8.v20230831-1047\jre\bin\freetype.dll
0x00007ffb47a70000 - 0x00007ffb47b43000 	C:\Users\gabriel\.p2\pool\plugins\org.eclipse.justj.openjdk.hotspot.jre.full.win32.x86_64_17.0.8.v20230831-1047\jre\bin\fontmanager.dll
0x00007ffb47360000 - 0x00007ffb47485000 	C:\WINDOWS\system32\opengl32.dll
0x00007ffb5bac0000 - 0x00007ffb5baec000 	C:\WINDOWS\SYSTEM32\GLU32.dll
0x00007ffb1bf50000 - 0x00007ffb1c11d000 	C:\WINDOWS\system32\d3d9.dll
0x00007ffb64470000 - 0x00007ffb6462b000 	C:\WINDOWS\System32\DriverStore\FileRepository\u0390451.inf_amd64_39377efdd62734d1\B390182\aticfx64.dll
0x00007ffb539b0000 - 0x00007ffb539e4000 	C:\WINDOWS\System32\DriverStore\FileRepository\u0390451.inf_amd64_39377efdd62734d1\B390182\atiu9p64.dll
0x00007ffb064b0000 - 0x00007ffb07205000 	C:\WINDOWS\System32\DriverStore\FileRepository\u0390451.inf_amd64_39377efdd62734d1\B390182\atiumd64.dll
0x000000005f770000 - 0x0000000060697000 	C:\WINDOWS\System32\DriverStore\FileRepository\u0390451.inf_amd64_39377efdd62734d1\B390182\atiumd6a.dll
0x00007ffb6d7d0000 - 0x00007ffb6dc3e000 	C:\WINDOWS\System32\SETUPAPI.dll
0x00007ffb6c480000 - 0x00007ffb6c4ce000 	C:\WINDOWS\System32\cfgmgr32.dll
0x00007ffb6c150000 - 0x00007ffb6c177000 	C:\WINDOWS\System32\bcrypt.dll
0x00007ffb64650000 - 0x00007ffb64685000 	C:\WINDOWS\SYSTEM32\amdihk64.dll

dbghelp: loaded successfully - version: 4.0.5 - missing functions: none
symbol engine: initialized successfully - sym options: 0x614 - pdb path: .;C:\Users\gabriel\.p2\pool\plugins\org.eclipse.justj.openjdk.hotspot.jre.full.win32.x86_64_17.0.8.v20230831-1047\jre\bin;C:\WINDOWS\SYSTEM32;C:\WINDOWS\WinSxS\amd64_microsoft.windows.common-controls_6595b64144ccf1df_6.0.19041.3570_none_60bb2a3971f3e41a;C:\Users\gabriel\.p2\pool\plugins\org.eclipse.justj.openjdk.hotspot.jre.full.win32.x86_64_17.0.8.v20230831-1047\jre\bin\server;C:\Users\gabriel\AppData\Local\Temp\flatlaf.temp;C:\WINDOWS\System32\DriverStore\FileRepository\u0390451.inf_amd64_39377efdd62734d1\B390182

VM Arguments:
jvm_args: -Dfile.encoding=UTF-8 -Dstdout.encoding=UTF-8 -Dstderr.encoding=UTF-8 -XX:+ShowCodeDetailsInExceptionMessages 
java_command: Laucher.DlgConfigurarCantidadOptima
java_class_path (initial): C:\Users\gabriel\Documents\Cibertec\Introduccion a la algoritmia\Proyecto_Final\Cibertec\bin;C:\Users\gabriel\Documents\Cibertec\Introduccion a la algoritmia\Proyecto_Final\Cibertec\src\libreria\flatlaf-3.2.1.jar
Launcher Type: SUN_STANDARD

[Global flags]
     intx CICompilerCount                          = 3                                         {product} {ergonomic}
     uint ConcGCThreads                            = 1                                         {product} {ergonomic}
     uint G1ConcRefinementThreads                  = 4                                         {product} {ergonomic}
   size_t G1HeapRegionSize                         = 1048576                                   {product} {ergonomic}
    uintx GCDrainStackTargetSize                   = 64                                        {product} {ergonomic}
   size_t InitialHeapSize                          = 100663296                                 {product} {ergonomic}
   size_t MarkStackSize                            = 4194304                                   {product} {ergonomic}
   size_t MaxHeapSize                              = 1593835520                                {product} {ergonomic}
   size_t MaxNewSize                               = 956301312                                 {product} {ergonomic}
   size_t MinHeapDeltaBytes                        = 1048576                                   {product} {ergonomic}
   size_t MinHeapSize                              = 8388608                                   {product} {ergonomic}
    uintx NonNMethodCodeHeapSize                   = 5832780                                {pd product} {ergonomic}
    uintx NonProfiledCodeHeapSize                  = 122912730                              {pd product} {ergonomic}
    uintx ProfiledCodeHeapSize                     = 122912730                              {pd product} {ergonomic}
    uintx ReservedCodeCacheSize                    = 251658240                              {pd product} {ergonomic}
     bool SegmentedCodeCache                       = true                                      {product} {ergonomic}
     bool ShowCodeDetailsInExceptionMessages       = true                                   {manageable} {command line}
   size_t SoftMaxHeapSize                          = 1593835520                             {manageable} {ergonomic}
     bool UseCompressedClassPointers               = true                           {product lp64_product} {ergonomic}
     bool UseCompressedOops                        = true                           {product lp64_product} {ergonomic}
     bool UseG1GC                                  = true                                      {product} {ergonomic}
     bool UseLargePagesIndividualAllocation        = false                                  {pd product} {ergonomic}

Logging:
Log output configuration:
 #0: stdout all=warning uptime,level,tags
 #1: stderr all=off uptime,level,tags

Environment Variables:
PATH=C:/Users/gabriel/.p2/pool/plugins/org.eclipse.justj.openjdk.hotspot.jre.full.win32.x86_64_17.0.8.v20230831-1047/jre/bin/server;C:/Users/gabriel/.p2/pool/plugins/org.eclipse.justj.openjdk.hotspot.jre.full.win32.x86_64_17.0.8.v20230831-1047/jre/bin;C:\Program Files (x86)\Common Files\Oracle\Java\javapath;C:\WINDOWS\system32;C:\WINDOWS;C:\WINDOWS\System32\Wbem;C:\WINDOWS\System32\WindowsPowerShell\v1.0\;C:\WINDOWS\System32\OpenSSH\;C:\Program Files\Git\cmd;C:\Users\gabriel\AppData\Local\Microsoft\WindowsApps;;C:\Users\gabriel\AppData\Local\Programs\Microsoft VS Code\bin;C:\Users\gabriel\Desktop;
USERNAME=gabriel
OS=Windows_NT
PROCESSOR_IDENTIFIER=AMD64 Family 23 Model 24 Stepping 1, AuthenticAMD
TMP=C:\Users\gabriel\AppData\Local\Temp
TEMP=C:\Users\gabriel\AppData\Local\Temp



---------------  S Y S T E M  ---------------

OS:
 Windows 10 , 64 bit Build 19041 (10.0.19041.3570)
OS uptime: 1 days 17:17 hours

CPU: total 4 (initial active 4) (4 cores per cpu, 1 threads per core) family 23 model 24 stepping 1 microcode 0x0, cx8, cmov, fxsr, mmx, 3dnowpref, sse, sse2, sse3, ssse3, sse4a, sse4.1, sse4.2, popcnt, lzcnt, tsc, tscinvbit, avx, avx2, aes, clmul, bmi1, bmi2, adx, sha, fma, vzeroupper, clflush, clflushopt
Processor Information for all 4 processors :
  Max Mhz: 3600, Current Mhz: 3600, Mhz Limit: 3600

Memory: 4k page, system-wide physical 6072M (278M free)
TotalPageFile size 24504M (AvailPageFile size 2M)
current process WorkingSet (physical memory assigned to process): 70M, peak: 70M
current process commit charge ("private bytes"): 192M, peak: 192M

vm_info: OpenJDK 64-Bit Server VM (17.0.8.1+1) for windows-amd64 JRE (17.0.8.1+1), built on Aug 23 2023 15:29:17 by "admin" with MS VC++ 16.7 (VS2019)

END.
